#
# A fatal error has been detected by the Java Runtime Environment:
#
#  EXCEPTION_ACCESS_VIOLATION (0xc0000005) at pc=0x0000000064d4e023, pid=18236, tid=0x0000000000003d28
#
# JRE version: Java(TM) SE Runtime Environment (8.0_191-b12) (build 1.8.0_191-b12)
# Java VM: Java HotSpot(TM) 64-Bit Server VM (25.191-b12 mixed mode windows-amd64 compressed oops)
# Problematic frame:
# V  [jvm.dll+0xfe023]
#
# Failed to write core dump. Minidumps are not enabled by default on client versions of Windows
#
# If you would like to submit a bug report, please visit:
#   http://bugreport.java.com/bugreport/crash.jsp
#

---------------  T H R E A D  ---------------

Current thread (0x0000000017819800):  VMThread [stack: 0x00000000194e0000,0x00000000195e0000] [id=15656]

siginfo: ExceptionCode=0xc0000005, reading address 0xffffffffffffffff

Registers:
RAX=0x0000000000000029, RBX=0x00000000195df530, RCX=0x00000000195df530, RDX=0xffffffffffffffe9
RSP=0x00000000195df2e0, RBP=0x00000000195df350, RSI=0x00000000195df530, RDI=0x00000000000000a7
R8 =0x0000000000000029, R9 =0x000000000288c570, R10=0x03ffffffffffffff, R11=0x000000001723e6a5
R12=0x0000000000000000, R13=0x0000000064d4e000, R14=0x0000000000000065, R15=0x0000000000000001
RIP=0x0000000064d4e023, EFLAGS=0x0000000000010a07

Top of Stack: (sp=0x00000000195df2e0)
0x00000000195df2e0:   00000000195df530 00000000195df350
0x00000000195df2f0:   0000000000000065 0000000064d0275e
0x00000000195df300:   00000000195df530 0000000064d4fe30
0x00000000195df310:   00007055f7c984ff 00000000195df530
0x00000000195df320:   00000000195df530 0000000064d4f8e6
0x00000000195df330:   00000000195df3a0 000000001723e673
0x00000000195df340:   00000000ffffffdc 0000000064d4f8e6
0x00000000195df350:   00000000000003d8 000000000288c8a8
0x00000000195df360:   0000000000000000 00000000000000a7
0x00000000195df370:   0000000017819800 0000000064d50894
0x00000000195df380:   00000000195df530 0000000000000000
0x00000000195df390:   0000000000000065 0000000000000062
0x00000000195df3a0:   000000001723e730 0000000017819800
0x00000000195df3b0:   0000006800000065 000000a70000006d
0x00000000195df3c0:   0000000002880000 00000000000000a7
0x00000000195df3d0:   0000000000000003 00000000000003d8 

Instructions: (pc=0x0000000064d4e023)
0x0000000064d4e003:   83 ec 20 4c 8b 89 90 00 00 00 48 63 d2 48 8b d9
0x0000000064d4e013:   0f b6 c2 4c 8b d2 24 3f 49 c1 ea 06 44 0f b6 c0
0x0000000064d4e023:   4b 8b 04 d1 4c 0f a3 c0 72 0f 48 83 c1 70 41 b0
0x0000000064d4e033:   01 e8 c7 85 17 00 ff 43 6c 48 83 c4 20 5b c3 cc 


Register to memory mapping:

RAX=0x0000000000000029 is an unknown value
RBX=0x00000000195df530 is an unknown value
RCX=0x00000000195df530 is an unknown value
RDX=0xffffffffffffffe9 is an unknown value
RSP=0x00000000195df2e0 is an unknown value
RBP=0x00000000195df350 is an unknown value
RSI=0x00000000195df530 is an unknown value
RDI=0x00000000000000a7 is an unknown value
R8 =0x0000000000000029 is an unknown value
R9 =0x000000000288c570 is an unknown value
R10=0x03ffffffffffffff is an unknown value
R11=0x000000001723e6a5 is pointing into metadata
R12=0x0000000000000000 is an unknown value
R13=0x0000000064d4e000 is an unknown value
R14=0x0000000000000065 is an unknown value
R15=0x0000000000000001 is an unknown value


Stack: [0x00000000194e0000,0x00000000195e0000],  sp=0x00000000195df2e0,  free space=1020k
Native frames: (J=compiled Java code, j=interpreted, Vv=VM code, C=native code)
V  [jvm.dll+0xfe023]
V  [jvm.dll+0xffe30]
V  [jvm.dll+0x100894]
V  [jvm.dll+0x103c74]
V  [jvm.dll+0xc525e]
V  [jvm.dll+0xc58e8]
V  [jvm.dll+0xc5a1a]
V  [jvm.dll+0xc5c18]
V  [jvm.dll+0x10fbba]
V  [jvm.dll+0x12d43f]
V  [jvm.dll+0x1bf3cf]
V  [jvm.dll+0x24d0c7]
V  [jvm.dll+0x24c366]
V  [jvm.dll+0x24c801]
V  [jvm.dll+0x24ca1e]
V  [jvm.dll+0x29eb9a]
C  [msvcr100.dll+0x21d9f]
C  [msvcr100.dll+0x21e3b]
C  [KERNEL32.DLL+0x13034]
C  [ntdll.dll+0x71461]

VM_Operation (0x0000000019fcf280): GetOrSetLocal, mode: safepoint, requested by thread 0x0000000019624800


---------------  P R O C E S S  ---------------

Java Threads: ( => current thread )
  0x0000000019792800 JavaThread "Service Thread" daemon [_thread_blocked, id=9820, stack(0x000000001a5d0000,0x000000001a6d0000)]
  0x00000000196fb000 JavaThread "C1 CompilerThread3" daemon [_thread_blocked, id=11276, stack(0x000000001a4d0000,0x000000001a5d0000)]
  0x00000000196fa800 JavaThread "C2 CompilerThread2" daemon [_thread_blocked, id=18332, stack(0x000000001a3d0000,0x000000001a4d0000)]
  0x00000000196f8800 JavaThread "C2 CompilerThread1" daemon [_thread_blocked, id=4848, stack(0x000000001a2d0000,0x000000001a3d0000)]
  0x00000000196f6000 JavaThread "C2 CompilerThread0" daemon [_thread_blocked, id=16692, stack(0x000000001a1d0000,0x000000001a2d0000)]
  0x000000001963a800 JavaThread "JDWP Command Reader" daemon [_thread_in_native, id=17252, stack(0x000000001a0d0000,0x000000001a1d0000)]
  0x0000000019631000 JavaThread "JDWP Event Helper Thread" daemon [_thread_blocked, id=18072, stack(0x0000000019fd0000,0x000000001a0d0000)]
  0x0000000019624800 JavaThread "JDWP Transport Listener: dt_socket" daemon [_thread_blocked, id=13680, stack(0x0000000019ed0000,0x0000000019fd0000)]
  0x0000000019614800 JavaThread "Attach Listener" daemon [_thread_blocked, id=17708, stack(0x0000000019dd0000,0x0000000019ed0000)]
  0x0000000019613800 JavaThread "Signal Dispatcher" daemon [_thread_blocked, id=9660, stack(0x0000000019cd0000,0x0000000019dd0000)]
  0x0000000019601000 JavaThread "Finalizer" daemon [_thread_blocked, id=5512, stack(0x0000000019ae0000,0x0000000019be0000)]
  0x0000000019600800 JavaThread "Reference Handler" daemon [_thread_blocked, id=17924, stack(0x00000000199e0000,0x0000000019ae0000)]
  0x00000000027e3800 JavaThread "main" [_thread_blocked, id=12240, stack(0x00000000024e0000,0x00000000025e0000)]

Other Threads:
=>0x0000000017819800 VMThread [stack: 0x00000000194e0000,0x00000000195e0000] [id=15656]
  0x000000001982b800 WatcherThread [stack: 0x000000001a6d0000,0x000000001a7d0000] [id=17704]

VM state:at safepoint (normal execution)

VM Mutex/Monitor currently owned by a thread:  ([mutex/lock_event])
[0x00000000027e0c50] Threads_lock - owner thread: 0x0000000017819800

Heap:
 PSYoungGen      total 37888K, used 2622K [0x00000000d6000000, 0x00000000d8a00000, 0x0000000100000000)
  eden space 32768K, 8% used [0x00000000d6000000,0x00000000d628fb00,0x00000000d8000000)
  from space 5120K, 0% used [0x00000000d8500000,0x00000000d8500000,0x00000000d8a00000)
  to   space 5120K, 0% used [0x00000000d8000000,0x00000000d8000000,0x00000000d8500000)
 ParOldGen       total 86016K, used 0K [0x0000000082000000, 0x0000000087400000, 0x00000000d6000000)
  object space 86016K, 0% used [0x0000000082000000,0x0000000082000000,0x0000000087400000)
 Metaspace       used 3187K, capacity 4600K, committed 4864K, reserved 1056768K
  class space    used 345K, capacity 424K, committed 512K, reserved 1048576K

Card table byte_map: [0x0000000011ca0000,0x00000000120a0000] byte_map_base: 0x0000000011890000

Marking Bits: (ParMarkBitMap*) 0x0000000065473e30
 Begin Bits: [0x0000000012b40000, 0x0000000014ac0000)
 End Bits:   [0x0000000014ac0000, 0x0000000016a40000)

Polling page: 0x0000000000600000

CodeCache: size=245760Kb used=1109Kb max_used=1118Kb free=244650Kb
 bounds [0x00000000028e0000, 0x0000000002b50000, 0x00000000118e0000]
 total_blobs=259 nmethods=22 adapters=158
 compilation: enabled

Compilation events (10 events):
Event: 0.244 Thread 0x00000000196fb000 nmethod 16 0x00000000029f1210 code [0x00000000029f1460, 0x00000000029f20c8]
Event: 0.244 Thread 0x00000000196fb000   19  s    3       java.lang.StringBuffer::append (13 bytes)
Event: 0.244 Thread 0x00000000196fb000 nmethod 19 0x00000000029f2850 code [0x00000000029f2a00, 0x00000000029f3138]
Event: 0.244 Thread 0x00000000196fb000   21       3       java.io.WinNTFileSystem::isSlash (18 bytes)
Event: 0.244 Thread 0x00000000196fb000 nmethod 21 0x00000000029f3550 code [0x00000000029f36a0, 0x00000000029f3890]
Event: 0.244 Thread 0x00000000196fb000   18       3       java.lang.String::getChars (62 bytes)
Event: 0.245 Thread 0x00000000196fb000 nmethod 18 0x00000000029f3910 code [0x00000000029f3ae0, 0x00000000029f3f98]
Event: 0.248 Thread 0x00000000196f6000 nmethod 20 0x00000000029f7250 code [0x00000000029f73a0, 0x00000000029f77c8]
Event: 12.531 Thread 0x00000000196fb000   22       3       java.util.HashMap::getNode (148 bytes)
Event: 12.532 Thread 0x00000000196fb000 nmethod 22 0x00000000029f6390 code [0x00000000029f6560, 0x00000000029f6f28]

GC Heap History (0 events):
No events

Deoptimization events (0 events):
No events

Classes redefined (6 events):
Event: 12.531 Thread 0x0000000017819800 redefined class name=Unique, count=1
Event: 812.103 Thread 0x0000000017819800 redefined class name=Unique, count=2
Event: 870.654 Thread 0x0000000017819800 redefined class name=Unique, count=3
Event: 1521.934 Thread 0x0000000017819800 redefined class name=Unique, count=4
Event: 1564.866 Thread 0x0000000017819800 redefined class name=Unique, count=5
Event: 1657.596 Thread 0x0000000017819800 redefined class name=Unique, count=6

Internal exceptions (2 events):
Event: 0.081 Thread 0x00000000027e3800 Exception <a 'java/lang/NoSuchMethodError': Method sun.misc.Unsafe.defineClass(Ljava/lang/String;[BII)Ljava/lang/Class; name or signature does not match> (0x00000000d6007cb0) thrown at [C:\re\workspace\8-2-build-windows-amd64-cygwin\jdk8u191\11896\hotspot
Event: 0.081 Thread 0x00000000027e3800 Exception <a 'java/lang/NoSuchMethodError': Method sun.misc.Unsafe.prefetchRead(Ljava/lang/Object;J)V name or signature does not match> (0x00000000d6007f98) thrown at [C:\re\workspace\8-2-build-windows-amd64-cygwin\jdk8u191\11896\hotspot\src\share\vm\prim

Events (10 events):
Event: 1638.087 Executing VM operation: ChangeBreakpoints done
Event: 1638.088 Executing VM operation: ChangeBreakpoints
Event: 1638.088 Executing VM operation: ChangeBreakpoints done
Event: 1657.595 Executing VM operation: ChangeBreakpoints
Event: 1657.595 Executing VM operation: ChangeBreakpoints done
Event: 1657.596 Executing VM operation: RedefineClasses
Event: 1657.596 Executing VM operation: RedefineClasses done
Event: 1657.674 Executing VM operation: ChangeBreakpoints
Event: 1657.674 Executing VM operation: ChangeBreakpoints done
Event: 1657.722 Executing VM operation: GetOrSetLocal


Dynamic libraries:
0x00007ff765160000 - 0x00007ff765197000 	C:\Program Files\Java\jdk1.8.0_191\bin\java.exe
0x00007ffd886c0000 - 0x00007ffd888a1000 	C:\WINDOWS\SYSTEM32\ntdll.dll
0x00007ffd88520000 - 0x00007ffd885d2000 	C:\WINDOWS\System32\KERNEL32.DLL
0x00007ffd85440000 - 0x00007ffd856b3000 	C:\WINDOWS\System32\KERNELBASE.dll
0x00007ffd885e0000 - 0x00007ffd88681000 	C:\WINDOWS\System32\ADVAPI32.dll
0x00007ffd86640000 - 0x00007ffd866de000 	C:\WINDOWS\System32\msvcrt.dll
0x00007ffd884c0000 - 0x00007ffd8851b000 	C:\WINDOWS\System32\sechost.dll
0x00007ffd85ed0000 - 0x00007ffd85ff4000 	C:\WINDOWS\System32\RPCRT4.dll
0x00007ffd86010000 - 0x00007ffd861a0000 	C:\WINDOWS\System32\USER32.dll
0x00007ffd85a80000 - 0x00007ffd85aa0000 	C:\WINDOWS\System32\win32u.dll
0x00007ffd861a0000 - 0x00007ffd861c8000 	C:\WINDOWS\System32\GDI32.dll
0x00007ffd84a90000 - 0x00007ffd84c22000 	C:\WINDOWS\System32\gdi32full.dll
0x00007ffd84c30000 - 0x00007ffd84ccf000 	C:\WINDOWS\System32\msvcp_win.dll
0x00007ffd856c0000 - 0x00007ffd857ba000 	C:\WINDOWS\System32\ucrtbase.dll
0x00007ffd7c5f0000 - 0x00007ffd7c859000 	C:\WINDOWS\WinSxS\amd64_microsoft.windows.common-controls_6595b64144ccf1df_6.0.17134.345_none_fb429a5930656358\COMCTL32.dll
0x00007ffd86300000 - 0x00007ffd86623000 	C:\WINDOWS\System32\combase.dll
0x00007ffd859b0000 - 0x00007ffd85a2a000 	C:\WINDOWS\System32\bcryptPrimitives.dll
0x00007ffd866e0000 - 0x00007ffd8670d000 	C:\WINDOWS\System32\IMM32.DLL
0x0000000065500000 - 0x00000000655d2000 	C:\Program Files\Java\jdk1.8.0_191\jre\bin\msvcr100.dll
0x0000000064c50000 - 0x00000000654f4000 	C:\Program Files\Java\jdk1.8.0_191\jre\bin\server\jvm.dll
0x00007ffd86000000 - 0x00007ffd86008000 	C:\WINDOWS\System32\PSAPI.DLL
0x00007ffd753c0000 - 0x00007ffd753c9000 	C:\WINDOWS\SYSTEM32\WSOCK32.dll
0x00007ffd82b60000 - 0x00007ffd82b83000 	C:\WINDOWS\SYSTEM32\WINMM.dll
0x00007ffd868b0000 - 0x00007ffd8691c000 	C:\WINDOWS\System32\WS2_32.dll
0x00007ffd7eba0000 - 0x00007ffd7ebaa000 	C:\WINDOWS\SYSTEM32\VERSION.dll
0x00007ffd82b30000 - 0x00007ffd82b5a000 	C:\WINDOWS\SYSTEM32\winmmbase.dll
0x00007ffd85a30000 - 0x00007ffd85a79000 	C:\WINDOWS\System32\cfgmgr32.dll
0x0000000068130000 - 0x000000006813f000 	C:\Program Files\Java\jdk1.8.0_191\jre\bin\verify.dll
0x0000000067c50000 - 0x0000000067c79000 	C:\Program Files\Java\jdk1.8.0_191\jre\bin\java.dll
0x0000000065fe0000 - 0x0000000066015000 	C:\Program Files\Java\jdk1.8.0_191\jre\bin\jdwp.dll
0x0000000067be0000 - 0x0000000067be8000 	C:\Program Files\Java\jdk1.8.0_191\jre\bin\npt.dll
0x0000000065fb0000 - 0x0000000065fd3000 	C:\Program Files\Java\jdk1.8.0_191\jre\bin\instrument.dll
0x0000000067c30000 - 0x0000000067c46000 	C:\Program Files\Java\jdk1.8.0_191\jre\bin\zip.dll
0x00007ffd86a10000 - 0x00007ffd87e4f000 	C:\WINDOWS\System32\SHELL32.dll
0x00007ffd861d0000 - 0x00007ffd86279000 	C:\WINDOWS\System32\shcore.dll
0x00007ffd84d30000 - 0x00007ffd8543d000 	C:\WINDOWS\System32\windows.storage.dll
0x00007ffd87e50000 - 0x00007ffd87ea1000 	C:\WINDOWS\System32\shlwapi.dll
0x00007ffd84a70000 - 0x00007ffd84a81000 	C:\WINDOWS\System32\kernel.appcore.dll
0x00007ffd84a50000 - 0x00007ffd84a6f000 	C:\WINDOWS\System32\profapi.dll
0x00007ffd84a00000 - 0x00007ffd84a4c000 	C:\WINDOWS\System32\powrprof.dll
0x00007ffd849d0000 - 0x00007ffd849da000 	C:\WINDOWS\System32\FLTLIB.DLL
0x0000000067760000 - 0x0000000067769000 	C:\Program Files\Java\jdk1.8.0_191\jre\bin\dt_socket.dll
0x00007ffd841f0000 - 0x00007ffd84256000 	C:\WINDOWS\system32\mswsock.dll
0x00007ffd83650000 - 0x00007ffd83819000 	C:\WINDOWS\SYSTEM32\dbghelp.dll

VM Arguments:
jvm_args: -agentlib:jdwp=transport=dt_socket,address=127.0.0.1:56937,suspend=y,server=n -javaagent:C:\Users\toera\.IntelliJIdea2018.2\system\captureAgent\debugger-agent.jar=file:/C:/Users/toera/AppData/Local/Temp/capture.props -Dfile.encoding=UTF-8 
java_command: Unique
java_class_path (initial): C:\Program Files\Java\jdk1.8.0_191\jre\lib\charsets.jar;C:\Program Files\Java\jdk1.8.0_191\jre\lib\deploy.jar;C:\Program Files\Java\jdk1.8.0_191\jre\lib\ext\access-bridge-64.jar;C:\Program Files\Java\jdk1.8.0_191\jre\lib\ext\cldrdata.jar;C:\Program Files\Java\jdk1.8.0_191\jre\lib\ext\dnsns.jar;C:\Program Files\Java\jdk1.8.0_191\jre\lib\ext\jaccess.jar;C:\Program Files\Java\jdk1.8.0_191\jre\lib\ext\jfxrt.jar;C:\Program Files\Java\jdk1.8.0_191\jre\lib\ext\localedata.jar;C:\Program Files\Java\jdk1.8.0_191\jre\lib\ext\nashorn.jar;C:\Program Files\Java\jdk1.8.0_191\jre\lib\ext\sunec.jar;C:\Program Files\Java\jdk1.8.0_191\jre\lib\ext\sunjce_provider.jar;C:\Program Files\Java\jdk1.8.0_191\jre\lib\ext\sunmscapi.jar;C:\Program Files\Java\jdk1.8.0_191\jre\lib\ext\sunpkcs11.jar;C:\Program Files\Java\jdk1.8.0_191\jre\lib\ext\zipfs.jar;C:\Program Files\Java\jdk1.8.0_191\jre\lib\javaws.jar;C:\Program Files\Java\jdk1.8.0_191\jre\lib\jce.jar;C:\Program Files\Java\jdk1.8.0_191\jre\lib\jfr.jar;C:\Program Files\Java\jdk1.8.0_191\jre\lib\jfxswt.jar;C:\Program Files\Java\jdk1.8.0_191\jre\lib\jsse.jar;C:\Program Files\Java\jdk1.8.0_191\jre\lib\management-agent.jar;C:\Program Files\Java\jdk1.8.0_191\jre\lib\plugin.jar;C:\Program Files\Java\jdk1.8.0_191\jre\lib\resources.jar;C:\Program Files\Java\jdk1.8.0_191\jre\lib\rt.jar;C:\Users\toera\greenfox\bleaksmile\week-02\day-02\out\production\day-02;C:\Program Files\JetBrains\IntelliJ IDEA 2018.2.5\lib\idea_rt.jar;C:\Users\toera\.IntelliJIdea2018.2\system\captureAgent\debugger-agent.jar
Launcher Type: SUN_STANDARD

Environment Variables:
JAVA_HOME=C:\Program Files\Java\jdk1.8.0
PATH=C:\Program Files (x86)\Common Files\Oracle\Java\javapath;C:\Program Files (x86)\Intel\Intel(R) Management Engine Components\iCLS\;C:\Program Files\Intel\Intel(R) Management Engine Components\iCLS\;C:\WINDOWS\system32;C:\WINDOWS;C:\WINDOWS\System32\Wbem;C:\WINDOWS\System32\WindowsPowerShell\v1.0\;C:\Program Files (x86)\Intel\Intel(R) Management Engine Components\DAL;C:\Program Files\Intel\Intel(R) Management Engine Components\DAL;C:\Program Files (x86)\Intel\Intel(R) Management Engine Components\IPT;C:\Program Files\Intel\Intel(R) Management Engine Components\IPT;C:\WINDOWS\System32\OpenSSH\;C:\Program Files\Git\cmd;C:\Program Files (x86)\Common Files\Oracle\Java\javapath;C:\Program Files (x86)\Intel\Intel(R) Management Engine Components\iCLS\;C:\Program Files\Intel\Intel(R) Management Engine Components\iCLS\;C:\WINDOWS\system32;C:\WINDOWS;C:\WINDOWS\System32\Wbem;C:\WINDOWS\System32\WindowsPowerShell\v1.0\;C:\Program Files (x86)\Intel\Intel(R) Management Engine Components\DAL;C:\Program Files\Intel\Intel(R) Management Engine Components\DAL;C:\Program Files (x86)\Intel\Intel(R) Management Engine Components\IPT;C:\Program Files\Intel\Intel(R) Management Engine Components\IPT;C:\WINDOWS\System32\OpenSSH\;C:\Program Files\Git\cmd;C:\Program Files\Java\jdk1.8.0\bin;C:\Users\toera\AppData\Local\Microsoft\WindowsApps;C:\Users\toera\AppData\Local\Programs\Microsoft VS Code\bin;
USERNAME=toera
OS=Windows_NT
PROCESSOR_IDENTIFIER=Intel64 Family 6 Model 142 Stepping 10, GenuineIntel



---------------  S Y S T E M  ---------------

OS: Windows 10.0 , 64 bit Build 17134 (10.0.17134.1)

CPU:total 8 (initial active 8) (4 cores per cpu, 2 threads per core) family 6 model 142 stepping 10, cmov, cx8, fxsr, mmx, sse, sse2, sse3, ssse3, sse4.1, sse4.2, popcnt, avx, avx2, aes, clmul, erms, 3dnowpref, lzcnt, ht, tsc, tscinvbit, bmi1, bmi2, adx

Memory: 4k page, physical 8250420k(2474160k free), swap 15887664k(1799036k free)

vm_info: Java HotSpot(TM) 64-Bit Server VM (25.191-b12) for windows-amd64 JRE (1.8.0_191-b12), built on Oct  6 2018 09:29:03 by "java_re" with MS VC++ 10.0 (VS2010)

time: Tue Oct 30 16:12:48 2018
elapsed time: 1657 seconds (0d 0h 27m 37s)

